<?xml version="1.0" encoding="UTF-8"?>
<!-- Generated by org.testng.reporters.JUnitReportReporter -->
<testsuite hostname="ALTHAF-SK9999" failures="0" tests="3" name="Testng.Test2" time="0.047" errors="0" timestamp="2022-12-20T21:57:10 IST" skipped="0">
  <testcase classname="Testng.Test2" name="chats" time="0.042"/>
  <system-out>
    <![CDATA[chats,true]]>
  </system-out>
  <testcase classname="Testng.Test2" name="calls" time="0.003"/>
  <system-out>
    <![CDATA[calls,true]]>
  </system-out>
  <testcase classname="Testng.Test2" name="setting" time="0.002"/>
  <system-out>
    <![CDATA[setting,true]]>
  </system-out>
</testsuite> <!-- Testng.Test2 -->
